  Main.cpp
C:\Users\User\Desktop\DZ STEP IT\ProjectWorkMaze\ProjectWorkMaze\timer.h(3,27): warning C4838: Преобразование из "int" в "char" требует сужающего преобразования.
C:\Users\User\Desktop\DZ STEP IT\ProjectWorkMaze\ProjectWorkMaze\timer.h(3,27): warning C4309: инициализация: усечение константного значения
C:\Users\User\Desktop\DZ STEP IT\ProjectWorkMaze\ProjectWorkMaze\timer.h(3,31): warning C4838: Преобразование из "int" в "char" требует сужающего преобразования.
C:\Users\User\Desktop\DZ STEP IT\ProjectWorkMaze\ProjectWorkMaze\timer.h(3,31): warning C4309: инициализация: усечение константного значения
C:\Users\User\Desktop\DZ STEP IT\ProjectWorkMaze\ProjectWorkMaze\timer.h(3,35): warning C4838: Преобразование из "int" в "char" требует сужающего преобразования.
C:\Users\User\Desktop\DZ STEP IT\ProjectWorkMaze\ProjectWorkMaze\timer.h(3,35): warning C4309: инициализация: усечение константного значения
C:\Users\User\Desktop\DZ STEP IT\ProjectWorkMaze\ProjectWorkMaze\timer.h(3,39): warning C4838: Преобразование из "int" в "char" требует сужающего преобразования.
C:\Users\User\Desktop\DZ STEP IT\ProjectWorkMaze\ProjectWorkMaze\timer.h(3,39): warning C4309: инициализация: усечение константного значения
C:\Users\User\Desktop\DZ STEP IT\ProjectWorkMaze\ProjectWorkMaze\timer.h(3,43): warning C4838: Преобразование из "int" в "char" требует сужающего преобразования.
C:\Users\User\Desktop\DZ STEP IT\ProjectWorkMaze\ProjectWorkMaze\timer.h(3,43): warning C4309: инициализация: усечение константного значения
C:\Users\User\Desktop\DZ STEP IT\ProjectWorkMaze\ProjectWorkMaze\timer.h(3,47): warning C4838: Преобразование из "int" в "char" требует сужающего преобразования.
C:\Users\User\Desktop\DZ STEP IT\ProjectWorkMaze\ProjectWorkMaze\timer.h(3,47): warning C4309: инициализация: усечение константного значения
C:\Users\User\Desktop\DZ STEP IT\ProjectWorkMaze\ProjectWorkMaze\timer.h(3,51): warning C4838: Преобразование из "int" в "char" требует сужающего преобразования.
C:\Users\User\Desktop\DZ STEP IT\ProjectWorkMaze\ProjectWorkMaze\timer.h(3,51): warning C4309: инициализация: усечение константного значения
C:\Users\User\Desktop\DZ STEP IT\ProjectWorkMaze\ProjectWorkMaze\timer.h(3,55): warning C4838: Преобразование из "int" в "char" требует сужающего преобразования.
C:\Users\User\Desktop\DZ STEP IT\ProjectWorkMaze\ProjectWorkMaze\timer.h(3,55): warning C4309: инициализация: усечение константного значения
C:\Users\User\Desktop\DZ STEP IT\ProjectWorkMaze\ProjectWorkMaze\timer.h(3,59): warning C4838: Преобразование из "int" в "char" требует сужающего преобразования.
C:\Users\User\Desktop\DZ STEP IT\ProjectWorkMaze\ProjectWorkMaze\timer.h(3,59): warning C4309: инициализация: усечение константного значения
C:\Users\User\Desktop\DZ STEP IT\ProjectWorkMaze\ProjectWorkMaze\timer.h(3,63): warning C4838: Преобразование из "int" в "char" требует сужающего преобразования.
C:\Users\User\Desktop\DZ STEP IT\ProjectWorkMaze\ProjectWorkMaze\timer.h(3,63): warning C4309: инициализация: усечение константного значения
C:\Users\User\Desktop\DZ STEP IT\ProjectWorkMaze\ProjectWorkMaze\timer.h(3,67): warning C4838: Преобразование из "int" в "char" требует сужающего преобразования.
C:\Users\User\Desktop\DZ STEP IT\ProjectWorkMaze\ProjectWorkMaze\timer.h(3,67): warning C4309: инициализация: усечение константного значения
C:\Users\User\Desktop\DZ STEP IT\ProjectWorkMaze\ProjectWorkMaze\timer.h(3,71): warning C4838: Преобразование из "int" в "char" требует сужающего преобразования.
C:\Users\User\Desktop\DZ STEP IT\ProjectWorkMaze\ProjectWorkMaze\timer.h(3,71): warning C4309: инициализация: усечение константного значения
C:\Users\User\Desktop\DZ STEP IT\ProjectWorkMaze\ProjectWorkMaze\timer.h(3,75): warning C4838: Преобразование из "int" в "char" требует сужающего преобразования.
C:\Users\User\Desktop\DZ STEP IT\ProjectWorkMaze\ProjectWorkMaze\timer.h(3,75): warning C4309: инициализация: усечение константного значения
C:\Users\User\Desktop\DZ STEP IT\ProjectWorkMaze\ProjectWorkMaze\timer.h(3,79): warning C4838: Преобразование из "int" в "char" требует сужающего преобразования.
C:\Users\User\Desktop\DZ STEP IT\ProjectWorkMaze\ProjectWorkMaze\timer.h(3,79): warning C4309: инициализация: усечение константного значения
C:\Users\User\Desktop\DZ STEP IT\ProjectWorkMaze\ProjectWorkMaze\timer.h(3,83): warning C4838: Преобразование из "int" в "char" требует сужающего преобразования.
C:\Users\User\Desktop\DZ STEP IT\ProjectWorkMaze\ProjectWorkMaze\timer.h(3,83): warning C4309: инициализация: усечение константного значения
C:\Users\User\Desktop\DZ STEP IT\ProjectWorkMaze\ProjectWorkMaze\timer.h(3,87): warning C4838: Преобразование из "int" в "char" требует сужающего преобразования.
C:\Users\User\Desktop\DZ STEP IT\ProjectWorkMaze\ProjectWorkMaze\timer.h(3,87): warning C4309: инициализация: усечение константного значения
C:\Users\User\Desktop\DZ STEP IT\ProjectWorkMaze\ProjectWorkMaze\timer.h(3,91): warning C4838: Преобразование из "int" в "char" требует сужающего преобразования.
C:\Users\User\Desktop\DZ STEP IT\ProjectWorkMaze\ProjectWorkMaze\timer.h(3,91): warning C4309: инициализация: усечение константного значения
C:\Users\User\Desktop\DZ STEP IT\ProjectWorkMaze\ProjectWorkMaze\timer.h(4,8): warning C4838: Преобразование из "int" в "char" требует сужающего преобразования.
C:\Users\User\Desktop\DZ STEP IT\ProjectWorkMaze\ProjectWorkMaze\timer.h(4,8): warning C4309: инициализация: усечение константного значения
C:\Users\User\Desktop\DZ STEP IT\ProjectWorkMaze\ProjectWorkMaze\timer.h(4,72): warning C4838: Преобразование из "int" в "char" требует сужающего преобразования.
C:\Users\User\Desktop\DZ STEP IT\ProjectWorkMaze\ProjectWorkMaze\timer.h(4,72): warning C4309: инициализация: усечение константного значения
C:\Users\User\Desktop\DZ STEP IT\ProjectWorkMaze\ProjectWorkMaze\timer.h(5,8): warning C4838: Преобразование из "int" в "char" требует сужающего преобразования.
C:\Users\User\Desktop\DZ STEP IT\ProjectWorkMaze\ProjectWorkMaze\timer.h(5,8): warning C4309: инициализация: усечение константного значения
C:\Users\User\Desktop\DZ STEP IT\ProjectWorkMaze\ProjectWorkMaze\timer.h(5,12): warning C4838: Преобразование из "int" в "char" требует сужающего преобразования.
C:\Users\User\Desktop\DZ STEP IT\ProjectWorkMaze\ProjectWorkMaze\timer.h(5,12): warning C4309: инициализация: усечение константного значения
C:\Users\User\Desktop\DZ STEP IT\ProjectWorkMaze\ProjectWorkMaze\timer.h(5,16): warning C4838: Преобразование из "int" в "char" требует сужающего преобразования.
C:\Users\User\Desktop\DZ STEP IT\ProjectWorkMaze\ProjectWorkMaze\timer.h(5,16): warning C4309: инициализация: усечение константного значения
C:\Users\User\Desktop\DZ STEP IT\ProjectWorkMaze\ProjectWorkMaze\timer.h(5,20): warning C4838: Преобразование из "int" в "char" требует сужающего преобразования.
C:\Users\User\Desktop\DZ STEP IT\ProjectWorkMaze\ProjectWorkMaze\timer.h(5,20): warning C4309: инициализация: усечение константного значения
C:\Users\User\Desktop\DZ STEP IT\ProjectWorkMaze\ProjectWorkMaze\timer.h(5,24): warning C4838: Преобразование из "int" в "char" требует сужающего преобразования.
C:\Users\User\Desktop\DZ STEP IT\ProjectWorkMaze\ProjectWorkMaze\timer.h(5,24): warning C4309: инициализация: усечение константного значения
C:\Users\User\Desktop\DZ STEP IT\ProjectWorkMaze\ProjectWorkMaze\timer.h(5,28): warning C4838: Преобразование из "int" в "char" требует сужающего преобразования.
C:\Users\User\Desktop\DZ STEP IT\ProjectWorkMaze\ProjectWorkMaze\timer.h(5,28): warning C4309: инициализация: усечение константного значения
C:\Users\User\Desktop\DZ STEP IT\ProjectWorkMaze\ProjectWorkMaze\timer.h(5,32): warning C4838: Преобразование из "int" в "char" требует сужающего преобразования.
C:\Users\User\Desktop\DZ STEP IT\ProjectWorkMaze\ProjectWorkMaze\timer.h(5,32): warning C4309: инициализация: усечение константного значения
C:\Users\User\Desktop\DZ STEP IT\ProjectWorkMaze\ProjectWorkMaze\timer.h(5,36): warning C4838: Преобразование из "int" в "char" требует сужающего преобразования.
C:\Users\User\Desktop\DZ STEP IT\ProjectWorkMaze\ProjectWorkMaze\timer.h(5,36): warning C4309: инициализация: усечение константного значения
C:\Users\User\Desktop\DZ STEP IT\ProjectWorkMaze\ProjectWorkMaze\timer.h(5,40): warning C4838: Преобразование из "int" в "char" требует сужающего преобразования.
C:\Users\User\Desktop\DZ STEP IT\ProjectWorkMaze\ProjectWorkMaze\timer.h(5,40): warning C4309: инициализация: усечение константного значения
C:\Users\User\Desktop\DZ STEP IT\ProjectWorkMaze\ProjectWorkMaze\timer.h(5,44): warning C4838: Преобразование из "int" в "char" требует сужающего преобразования.
C:\Users\User\Desktop\DZ STEP IT\ProjectWorkMaze\ProjectWorkMaze\timer.h(5,44): warning C4309: инициализация: усечение константного значения
C:\Users\User\Desktop\DZ STEP IT\ProjectWorkMaze\ProjectWorkMaze\timer.h(5,48): warning C4838: Преобразование из "int" в "char" требует сужающего преобразования.
C:\Users\User\Desktop\DZ STEP IT\ProjectWorkMaze\ProjectWorkMaze\timer.h(5,48): warning C4309: инициализация: усечение константного значения
C:\Users\User\Desktop\DZ STEP IT\ProjectWorkMaze\ProjectWorkMaze\timer.h(5,52): warning C4838: Преобразование из "int" в "char" требует сужающего преобразования.
C:\Users\User\Desktop\DZ STEP IT\ProjectWorkMaze\ProjectWorkMaze\timer.h(5,52): warning C4309: инициализация: усечение константного значения
C:\Users\User\Desktop\DZ STEP IT\ProjectWorkMaze\ProjectWorkMaze\timer.h(5,56): warning C4838: Преобразование из "int" в "char" требует сужающего преобразования.
C:\Users\User\Desktop\DZ STEP IT\ProjectWorkMaze\ProjectWorkMaze\timer.h(5,56): warning C4309: инициализация: усечение константного значения
C:\Users\User\Desktop\DZ STEP IT\ProjectWorkMaze\ProjectWorkMaze\timer.h(5,60): warning C4838: Преобразование из "int" в "char" требует сужающего преобразования.
C:\Users\User\Desktop\DZ STEP IT\ProjectWorkMaze\ProjectWorkMaze\timer.h(5,60): warning C4309: инициализация: усечение константного значения
C:\Users\User\Desktop\DZ STEP IT\ProjectWorkMaze\ProjectWorkMaze\timer.h(5,64): warning C4838: Преобразование из "int" в "char" требует сужающего преобразования.
C:\Users\User\Desktop\DZ STEP IT\ProjectWorkMaze\ProjectWorkMaze\timer.h(5,64): warning C4309: инициализация: усечение константного значения
C:\Users\User\Desktop\DZ STEP IT\ProjectWorkMaze\ProjectWorkMaze\timer.h(5,68): warning C4838: Преобразование из "int" в "char" требует сужающего преобразования.
C:\Users\User\Desktop\DZ STEP IT\ProjectWorkMaze\ProjectWorkMaze\timer.h(5,68): warning C4309: инициализация: усечение константного значения
C:\Users\User\Desktop\DZ STEP IT\ProjectWorkMaze\ProjectWorkMaze\timer.h(5,72): warning C4838: Преобразование из "int" в "char" требует сужающего преобразования.
C:\Users\User\Desktop\DZ STEP IT\ProjectWorkMaze\ProjectWorkMaze\timer.h(5,72): warning C4309: инициализация: усечение константного значения
C:\Users\User\Desktop\DZ STEP IT\ProjectWorkMaze\ProjectWorkMaze\RPS.h(24,12): warning C4244: аргумент: преобразование "time_t" в "unsigned int", возможна потеря данных
C:\Users\User\Desktop\DZ STEP IT\ProjectWorkMaze\ProjectWorkMaze\BOOM.h(63,12): warning C4244: аргумент: преобразование "time_t" в "unsigned int", возможна потеря данных
  ProjectWorkMaze.vcxproj -> C:\Users\User\Desktop\DZ STEP IT\ProjectWorkMaze\x64\Debug\ProjectWorkMaze.exe
